#
# A fatal error has been detected by the Java Runtime Environment:
#
#  EXCEPTION_ACCESS_VIOLATION (0xc0000005) at pc=0x00000000589d088b, pid=1080, tid=0x000000000000073c
#
# JRE version: OpenJDK Runtime Environment (8.0_202-b03) (build 1.8.0_202-release-1483-b03)
# Java VM: OpenJDK 64-Bit Server VM (25.202-b03 mixed mode windows-amd64 compressed oops)
# Problematic frame:
# V  [jvm.dll+0x49088b]
#
# Failed to write core dump. Minidumps are not enabled by default on client versions of Windows
#
# If you would like to submit a bug report, please visit:
#   http://bugreport.java.com/bugreport/crash.jsp
#

---------------  T H R E A D  ---------------

Current thread (0x0000000018553800):  JavaThread "C2 CompilerThread1" daemon [_thread_in_native, id=1852, stack(0x0000000019ca0000,0x0000000019da0000)]

siginfo: ExceptionCode=0xc0000005, reading address 0x000000201da35248

Registers:
RAX=0x0000000000000001, RBX=0x0000000000000e60, RCX=0x0000000000004000, RDX=0x0000000000004000
RSP=0x0000000019d9ba20, RBP=0x0000000019d9bf20, RSI=0x0000000019d9bf40, RDI=0x000000201da35230
R8 =0x000000001ea83fb0, R9 =0x0000000000000000, R10=0x0000000021488e30, R11=0x0000000000000000
R12=0x0000000019d9bac8, R13=0x0000000019d9bb38, R14=0x000000001dd1ea08, R15=0x0000000000000000
RIP=0x00000000589d088b, EFLAGS=0x0000000000010287

Top of Stack: (sp=0x0000000019d9ba20)
0x0000000019d9ba20:   00000000000013b6 0000000000000018
0x0000000019d9ba30:   0000000019d9bae8 0000000019d9bac8
0x0000000019d9ba40:   000000001de2d060 0000000018516270
0x0000000019d9ba50:   0000000000000002 0000000000000002
0x0000000019d9ba60:   000000001abefa50 0000000020031fe0
0x0000000019d9ba70:   0000000018516270 0000000019d9bf20
0x0000000019d9ba80:   0000000019d9bb90 00000000589d2a9b
0x0000000019d9ba90:   0000000019d9bf20 0000000019d9bae8
0x0000000019d9baa0:   0000000000000001 0000000019d9bb38
0x0000000019d9bab0:   0000000020032030 0000000020039fc8
0x0000000019d9bac0:   00000000001c9c98 0000000018516270
0x0000000019d9bad0:   0000000000000200 000000001e5f6420
0x0000000019d9bae0:   000000000000011e 0000000058b7b358
0x0000000019d9baf0:   0000000018516270 0000000000000200
0x0000000019d9bb00:   000000001e5f5c20 0000000000000002
0x0000000019d9bb10:   0000000020031fe0 0000000018516270 

Instructions: (pc=0x00000000589d088b)
0x00000000589d086b:   48 8b 7e 10 48 83 3c df 00 74 0e 3b d9 73 06 48
0x00000000589d087b:   8b 3c df eb 0b 33 ff eb 07 48 8b bd 90 09 00 00
0x00000000589d088b:   48 83 7f 18 00 75 1b 48 8b 3f 3b d9 72 0a 8b d3
0x00000000589d089b:   48 8b ce e8 5d 38 03 00 48 8b 46 10 48 89 3c d8 


Register to memory mapping:

RAX=0x0000000000000001 is an unknown value
RBX=0x0000000000000e60 is an unknown value
RCX=0x0000000000004000 is an unknown value
RDX=0x0000000000004000 is an unknown value
RSP=0x0000000019d9ba20 is pointing into the stack for thread: 0x0000000018553800
RBP=0x0000000019d9bf20 is pointing into the stack for thread: 0x0000000018553800
RSI=0x0000000019d9bf40 is pointing into the stack for thread: 0x0000000018553800
RDI=0x000000201da35230 is an unknown value
R8 =0x000000001ea83fb0 is an unknown value
R9 =0x0000000000000000 is an unknown value
R10=0x0000000021488e30 is an unknown value
R11=0x0000000000000000 is an unknown value
R12=0x0000000019d9bac8 is pointing into the stack for thread: 0x0000000018553800
R13=0x0000000019d9bb38 is pointing into the stack for thread: 0x0000000018553800
R14=0x000000001dd1ea08 is an unknown value
R15=0x0000000000000000 is an unknown value


Stack: [0x0000000019ca0000,0x0000000019da0000],  sp=0x0000000019d9ba20,  free space=1006k
Native frames: (J=compiled Java code, j=interpreted, Vv=VM code, C=native code)
V  [jvm.dll+0x49088b]
V  [jvm.dll+0x492a9b]
V  [jvm.dll+0x443400]
V  [jvm.dll+0x444224]
V  [jvm.dll+0x4273d2]
V  [jvm.dll+0x8215f]
V  [jvm.dll+0x82abf]
V  [jvm.dll+0x21db7f]
V  [jvm.dll+0x26f5ba]
C  [msvcr100.dll+0x21d9f]
C  [msvcr100.dll+0x21e3b]
C  [KERNEL32.DLL+0x11fe4]
C  [ntdll.dll+0x6ef91]


Current CompileTask:
C2:   5037 1852   !   4       java.net.URLClassLoader$1::run (63 bytes)


---------------  P R O C E S S  ---------------

Java Threads: ( => current thread )
  0x000000001bafa000 JavaThread "Cache worker for file hash cache (E:\JetProject\Capstone\.gradle\5.4.1\fileHashes)" [_thread_blocked, id=1788, stack(0x0000000020660000,0x0000000020760000)]
  0x000000001baf9800 JavaThread "Cache worker for journal cache (C:\Users\ENGAY\.gradle\caches\journal-1)" [_thread_blocked, id=1280, stack(0x000000001d0f0000,0x000000001d1f0000)]
  0x000000001baf8800 JavaThread "File lock request listener" [_thread_in_native, id=5700, stack(0x000000001cff0000,0x000000001d0f0000)]
  0x000000001bafd000 JavaThread "Cache worker for file hash cache (C:\Users\ENGAY\.gradle\caches\5.4.1\fileHashes)" [_thread_blocked, id=1564, stack(0x000000001cef0000,0x000000001cff0000)]
  0x000000001b589800 JavaThread "Thread-9" [_thread_blocked, id=4484, stack(0x000000001cdf0000,0x000000001cef0000)]
  0x000000001b567000 JavaThread "Stdin handler" [_thread_blocked, id=7032, stack(0x000000001ccf0000,0x000000001cdf0000)]
  0x000000001b566000 JavaThread "Asynchronous log dispatcher for DefaultDaemonConnection: socket connection from /127.0.0.1:50891 to /127.0.0.1:50892" [_thread_blocked, id=2220, stack(0x000000001cbf0000,0x000000001ccf0000)]
  0x000000001b6e7800 JavaThread "Daemon worker" [_thread_in_native, id=5400, stack(0x000000001caf0000,0x000000001cbf0000)]
  0x000000001b6e7000 JavaThread "Cancel handler" [_thread_blocked, id=7692, stack(0x000000001c9f0000,0x000000001caf0000)]
  0x000000001b7c6000 JavaThread "Handler for socket connection from /127.0.0.1:50891 to /127.0.0.1:50892" [_thread_in_native, id=6544, stack(0x000000001c6f0000,0x000000001c7f0000)]
  0x000000001b7c5800 JavaThread "Daemon" [_thread_blocked, id=7852, stack(0x000000001c5f0000,0x000000001c6f0000)]
  0x000000001b43f800 JavaThread "Daemon periodic checks" [_thread_blocked, id=576, stack(0x000000001c4f0000,0x000000001c5f0000)]
  0x000000001b439000 JavaThread "Incoming local TCP Connector on port 50891" [_thread_in_native, id=7716, stack(0x000000001c2b0000,0x000000001c3b0000)]
  0x000000001b647000 JavaThread "Daemon health stats" [_thread_blocked, id=3004, stack(0x000000001bc70000,0x000000001bd70000)]
  0x00000000185ac000 JavaThread "Service Thread" daemon [_thread_blocked, id=7268, stack(0x000000001a2a0000,0x000000001a3a0000)]
  0x000000001857c800 JavaThread "C1 CompilerThread2" daemon [_thread_blocked, id=7784, stack(0x0000000019da0000,0x0000000019ea0000)]
=>0x0000000018553800 JavaThread "C2 CompilerThread1" daemon [_thread_in_native, id=1852, stack(0x0000000019ca0000,0x0000000019da0000)]
  0x000000001854b800 JavaThread "C2 CompilerThread0" daemon [_thread_in_native, id=5740, stack(0x0000000019ba0000,0x0000000019ca0000)]
  0x000000001854a000 JavaThread "Attach Listener" daemon [_thread_blocked, id=2848, stack(0x0000000019aa0000,0x0000000019ba0000)]
  0x0000000018548800 JavaThread "Signal Dispatcher" daemon [_thread_blocked, id=348, stack(0x00000000199a0000,0x0000000019aa0000)]
  0x0000000004bdb800 JavaThread "Finalizer" daemon [_thread_blocked, id=7008, stack(0x00000000197b0000,0x00000000198b0000)]
  0x0000000018539000 JavaThread "Reference Handler" daemon [_thread_blocked, id=7400, stack(0x00000000196b0000,0x00000000197b0000)]
  0x0000000004add800 JavaThread "main" [_thread_blocked, id=1812, stack(0x0000000004920000,0x0000000004a20000)]

Other Threads:
  0x0000000018516800 VMThread [stack: 0x00000000195b0000,0x00000000196b0000] [id=2936]
  0x00000000185ae000 WatcherThread [stack: 0x000000001a3a0000,0x000000001a4a0000] [id=3900]

VM state:not at safepoint (normal execution)

VM Mutex/Monitor currently owned by a thread: None

heap address: 0x00000000a0000000, size: 1536 MB, Compressed Oops mode: 32-bit
Narrow klass base: 0x0000000000000000, Narrow klass shift: 3
Compressed class space size: 1073741824 Address: 0x0000000100000000

Heap:
 PSYoungGen      total 69632K, used 26876K [0x00000000e0000000, 0x00000000e8d00000, 0x0000000100000000)
  eden space 62464K, 43% used [0x00000000e0000000,0x00000000e1a3f030,0x00000000e3d00000)
  from space 7168K, 0% used [0x00000000e3d00000,0x00000000e3d00000,0x00000000e4400000)
  to   space 9728K, 0% used [0x00000000e8380000,0x00000000e8380000,0x00000000e8d00000)
 ParOldGen       total 36864K, used 10780K [0x00000000a0000000, 0x00000000a2400000, 0x00000000e0000000)
  object space 36864K, 29% used [0x00000000a0000000,0x00000000a0a87148,0x00000000a2400000)
 Metaspace       used 25177K, capacity 25566K, committed 25856K, reserved 1071104K
  class space    used 3394K, capacity 3546K, committed 3584K, reserved 1048576K

Card table byte_map: [0x0000000013fa0000,0x00000000142b0000] byte_map_base: 0x0000000013aa0000

Marking Bits: (ParMarkBitMap*) 0x0000000058d09f30
 Begin Bits: [0x00000000148b0000, 0x00000000160b0000)
 End Bits:   [0x00000000160b0000, 0x00000000178b0000)

Polling page: 0x0000000003070000

CodeCache: size=245760Kb used=7759Kb max_used=7759Kb free=238000Kb
 bounds [0x0000000004be0000, 0x0000000005380000, 0x0000000013be0000]
 total_blobs=2575 nmethods=1919 adapters=570
 compilation: enabled

Compilation events (10 events):
Event: 4.699 Thread 0x000000001857c800 nmethod 1908 0x000000000535a7d0 code [0x000000000535a9c0, 0x000000000535b3f8]
Event: 4.699 Thread 0x000000001857c800 1914       3       java.beans.FeatureDescriptor::getWeakReference (17 bytes)
Event: 4.700 Thread 0x000000001857c800 nmethod 1914 0x000000000535ba90 code [0x000000000535bc20, 0x000000000535bff0]
Event: 4.700 Thread 0x000000001857c800 1913  s!   3       java.beans.PropertyDescriptor::getReadMethod (175 bytes)
Event: 4.702 Thread 0x000000001857c800 nmethod 1913 0x000000000535c190 code [0x000000000535c4e0, 0x000000000535e628]
Event: 4.702 Thread 0x000000001857c800 1916   !   3       java.lang.reflect.Executable::sharedToGenericString (329 bytes)
Event: 4.707 Thread 0x000000001857c800 nmethod 1916 0x000000000535f390 code [0x000000000535f9a0, 0x0000000005363e58]
Event: 4.707 Thread 0x000000001857c800 1909       3       java.lang.reflect.Executable::printModifiersIfNonzero (101 bytes)
Event: 4.709 Thread 0x000000001857c800 nmethod 1909 0x00000000053670d0 code [0x00000000053673e0, 0x0000000005368b58]
Event: 4.709 Thread 0x000000001857c800 1910       3       java.lang.reflect.Modifier::toString (202 bytes)

GC Heap History (10 events):
Event: 1.221 GC heap before
{Heap before GC invocations=4 (full 0):
 PSYoungGen      total 18432K, used 18409K [0x00000000e0000000, 0x00000000e2400000, 0x0000000100000000)
  eden space 15872K, 100% used [0x00000000e0000000,0x00000000e0f80000,0x00000000e0f80000)
  from space 2560K, 99% used [0x00000000e0f80000,0x00000000e11fa450,0x00000000e1200000)
  to   space 2560K, 0% used [0x00000000e2180000,0x00000000e2180000,0x00000000e2400000)
 ParOldGen       total 42496K, used 431K [0x00000000a0000000, 0x00000000a2980000, 0x00000000e0000000)
  object space 42496K, 1% used [0x00000000a0000000,0x00000000a006bc18,0x00000000a2980000)
 Metaspace       used 8586K, capacity 8794K, committed 8960K, reserved 1056768K
  class space    used 1107K, capacity 1173K, committed 1280K, reserved 1048576K
Event: 1.229 GC heap after
Heap after GC invocations=4 (full 0):
 PSYoungGen      total 34304K, used 2528K [0x00000000e0000000, 0x00000000e2400000, 0x0000000100000000)
  eden space 31744K, 0% used [0x00000000e0000000,0x00000000e0000000,0x00000000e1f00000)
  from space 2560K, 98% used [0x00000000e2180000,0x00000000e23f8020,0x00000000e2400000)
  to   space 2560K, 0% used [0x00000000e1f00000,0x00000000e1f00000,0x00000000e2180000)
 ParOldGen       total 42496K, used 1643K [0x00000000a0000000, 0x00000000a2980000, 0x00000000e0000000)
  object space 42496K, 3% used [0x00000000a0000000,0x00000000a019afa0,0x00000000a2980000)
 Metaspace       used 8586K, capacity 8794K, committed 8960K, reserved 1056768K
  class space    used 1107K, capacity 1173K, committed 1280K, reserved 1048576K
}
Event: 1.829 GC heap before
{Heap before GC invocations=5 (full 0):
 PSYoungGen      total 34304K, used 34272K [0x00000000e0000000, 0x00000000e2400000, 0x0000000100000000)
  eden space 31744K, 100% used [0x00000000e0000000,0x00000000e1f00000,0x00000000e1f00000)
  from space 2560K, 98% used [0x00000000e2180000,0x00000000e23f8020,0x00000000e2400000)
  to   space 2560K, 0% used [0x00000000e1f00000,0x00000000e1f00000,0x00000000e2180000)
 ParOldGen       total 42496K, used 1643K [0x00000000a0000000, 0x00000000a2980000, 0x00000000e0000000)
  object space 42496K, 3% used [0x00000000a0000000,0x00000000a019afa0,0x00000000a2980000)
 Metaspace       used 13001K, capacity 13326K, committed 13568K, reserved 1060864K
  class space    used 1790K, capacity 1921K, committed 2048K, reserved 1048576K
Event: 1.844 GC heap after
Heap after GC invocations=5 (full 0):
 PSYoungGen      total 34304K, used 2528K [0x00000000e0000000, 0x00000000e4a00000, 0x0000000100000000)
  eden space 31744K, 0% used [0x00000000e0000000,0x00000000e0000000,0x00000000e1f00000)
  from space 2560K, 98% used [0x00000000e1f00000,0x00000000e2178020,0x00000000e2180000)
  to   space 6144K, 0% used [0x00000000e4400000,0x00000000e4400000,0x00000000e4a00000)
 ParOldGen       total 42496K, used 5354K [0x00000000a0000000, 0x00000000a2980000, 0x00000000e0000000)
  object space 42496K, 12% used [0x00000000a0000000,0x00000000a053abc8,0x00000000a2980000)
 Metaspace       used 13001K, capacity 13326K, committed 13568K, reserved 1060864K
  class space    used 1790K, capacity 1921K, committed 2048K, reserved 1048576K
}
Event: 2.264 GC heap before
{Heap before GC invocations=6 (full 0):
 PSYoungGen      total 34304K, used 34272K [0x00000000e0000000, 0x00000000e4a00000, 0x0000000100000000)
  eden space 31744K, 100% used [0x00000000e0000000,0x00000000e1f00000,0x00000000e1f00000)
  from space 2560K, 98% used [0x00000000e1f00000,0x00000000e2178020,0x00000000e2180000)
  to   space 6144K, 0% used [0x00000000e4400000,0x00000000e4400000,0x00000000e4a00000)
 ParOldGen       total 42496K, used 5354K [0x00000000a0000000, 0x00000000a2980000, 0x00000000e0000000)
  object space 42496K, 12% used [0x00000000a0000000,0x00000000a053abc8,0x00000000a2980000)
 Metaspace       used 15609K, capacity 16036K, committed 16256K, reserved 1062912K
  class space    used 2229K, capacity 2382K, committed 2432K, reserved 1048576K
Event: 2.274 GC heap after
Heap after GC invocations=6 (full 0):
 PSYoungGen      total 68608K, used 6139K [0x00000000e0000000, 0x00000000e4c00000, 0x0000000100000000)
  eden space 62464K, 0% used [0x00000000e0000000,0x00000000e0000000,0x00000000e3d00000)
  from space 6144K, 99% used [0x00000000e4400000,0x00000000e49fee90,0x00000000e4a00000)
  to   space 7168K, 0% used [0x00000000e3d00000,0x00000000e3d00000,0x00000000e4400000)
 ParOldGen       total 42496K, used 5591K [0x00000000a0000000, 0x00000000a2980000, 0x00000000e0000000)
  object space 42496K, 13% used [0x00000000a0000000,0x00000000a0575ec0,0x00000000a2980000)
 Metaspace       used 15609K, capacity 16036K, committed 16256K, reserved 1062912K
  class space    used 2229K, capacity 2382K, committed 2432K, reserved 1048576K
}
Event: 3.150 GC heap before
{Heap before GC invocations=7 (full 0):
 PSYoungGen      total 68608K, used 53573K [0x00000000e0000000, 0x00000000e4c00000, 0x0000000100000000)
  eden space 62464K, 75% used [0x00000000e0000000,0x00000000e2e525b0,0x00000000e3d00000)
  from space 6144K, 99% used [0x00000000e4400000,0x00000000e49fee90,0x00000000e4a00000)
  to   space 7168K, 0% used [0x00000000e3d00000,0x00000000e3d00000,0x00000000e4400000)
 ParOldGen       total 42496K, used 5591K [0x00000000a0000000, 0x00000000a2980000, 0x00000000e0000000)
  object space 42496K, 13% used [0x00000000a0000000,0x00000000a0575ec0,0x00000000a2980000)
 Metaspace       used 20767K, capacity 21104K, committed 21248K, reserved 1067008K
  class space    used 2917K, capacity 3062K, committed 3072K, reserved 1048576K
Event: 3.184 GC heap after
Heap after GC invocations=7 (full 0):
 PSYoungGen      total 69632K, used 7163K [0x00000000e0000000, 0x00000000e8d00000, 0x0000000100000000)
  eden space 62464K, 0% used [0x00000000e0000000,0x00000000e0000000,0x00000000e3d00000)
  from space 7168K, 99% used [0x00000000e3d00000,0x00000000e43fedf8,0x00000000e4400000)
  to   space 9728K, 0% used [0x00000000e8380000,0x00000000e8380000,0x00000000e8d00000)
 ParOldGen       total 42496K, used 7836K [0x00000000a0000000, 0x00000000a2980000, 0x00000000e0000000)
  object space 42496K, 18% used [0x00000000a0000000,0x00000000a07a70c8,0x00000000a2980000)
 Metaspace       used 20767K, capacity 21104K, committed 21248K, reserved 1067008K
  class space    used 2917K, capacity 3062K, committed 3072K, reserved 1048576K
}
Event: 3.184 GC heap before
{Heap before GC invocations=8 (full 1):
 PSYoungGen      total 69632K, used 7163K [0x00000000e0000000, 0x00000000e8d00000, 0x0000000100000000)
  eden space 62464K, 0% used [0x00000000e0000000,0x00000000e0000000,0x00000000e3d00000)
  from space 7168K, 99% used [0x00000000e3d00000,0x00000000e43fedf8,0x00000000e4400000)
  to   space 9728K, 0% used [0x00000000e8380000,0x00000000e8380000,0x00000000e8d00000)
 ParOldGen       total 42496K, used 7836K [0x00000000a0000000, 0x00000000a2980000, 0x00000000e0000000)
  object space 42496K, 18% used [0x00000000a0000000,0x00000000a07a70c8,0x00000000a2980000)
 Metaspace       used 20767K, capacity 21104K, committed 21248K, reserved 1067008K
  class space    used 2917K, capacity 3062K, committed 3072K, reserved 1048576K
Event: 3.242 GC heap after
Heap after GC invocations=8 (full 1):
 PSYoungGen      total 69632K, used 0K [0x00000000e0000000, 0x00000000e8d00000, 0x0000000100000000)
  eden space 62464K, 0% used [0x00000000e0000000,0x00000000e0000000,0x00000000e3d00000)
  from space 7168K, 0% used [0x00000000e3d00000,0x00000000e3d00000,0x00000000e4400000)
  to   space 9728K, 0% used [0x00000000e8380000,0x00000000e8380000,0x00000000e8d00000)
 ParOldGen       total 36864K, used 10780K [0x00000000a0000000, 0x00000000a2400000, 0x00000000e0000000)
  object space 36864K, 29% used [0x00000000a0000000,0x00000000a0a87148,0x00000000a2400000)
 Metaspace       used 20767K, capacity 21104K, committed 21248K, reserved 1067008K
  class space    used 2917K, capacity 3062K, committed 3072K, reserved 1048576K
}

Deoptimization events (10 events):
Event: 2.587 Thread 0x000000001b6e7800 Uncommon trap: reason=unstable_if action=reinterpret pc=0x0000000004d48608 method=java.net.URI.match(CJJ)Z @ 19
Event: 2.588 Thread 0x000000001b6e7800 Uncommon trap: reason=unstable_if action=reinterpret pc=0x0000000004e45e00 method=java.net.URI.match(CJJ)Z @ 19
Event: 2.588 Thread 0x000000001b6e7800 Uncommon trap: reason=unstable_if action=reinterpret pc=0x0000000004d58588 method=java.net.URI.match(CJJ)Z @ 19
Event: 2.646 Thread 0x000000001b6e7800 Uncommon trap: reason=unstable_if action=reinterpret pc=0x0000000004eabc4c method=java.io.File.getName()Ljava/lang/String; @ 16
Event: 4.372 Thread 0x000000001b6e7800 Uncommon trap: reason=class_check action=maybe_recompile pc=0x00000000051c72fc method=sun.misc.URLClassPath.getLoader(I)Lsun/misc/URLClassPath$Loader; @ 94
Event: 4.372 Thread 0x000000001b6e7800 Uncommon trap: reason=class_check action=maybe_recompile pc=0x00000000051549dc method=sun.misc.URLClassPath.getResource(Ljava/lang/String;Z)Lsun/misc/Resource; @ 62
Event: 4.372 Thread 0x000000001b6e7800 Uncommon trap: reason=unstable_if action=reinterpret pc=0x00000000052069ec method=java.lang.String.regionMatches(ZILjava/lang/String;II)Z @ 41
Event: 4.382 Thread 0x000000001b6e7800 Uncommon trap: reason=unstable_if action=reinterpret pc=0x000000000507866c method=java.lang.ClassLoader.getClassLoadingLock(Ljava/lang/String;)Ljava/lang/Object; @ 6
Event: 4.438 Thread 0x000000001b6e7800 Uncommon trap: reason=class_check action=maybe_recompile pc=0x00000000051c75dc method=sun.misc.URLClassPath.getLoader(I)Lsun/misc/URLClassPath$Loader; @ 239
Event: 4.450 Thread 0x000000001b6e7800 Uncommon trap: reason=class_check action=maybe_recompile pc=0x00000000051c75dc method=sun.misc.URLClassPath.getLoader(I)Lsun/misc/URLClassPath$Loader; @ 239

Classes redefined (0 events):
No events

Internal exceptions (10 events):
Event: 4.445 Thread 0x000000001b6e7800 Exception <a 'java/lang/ClassNotFoundException': org/gradle/groovy/scripts/BasicScriptCustomizer> (0x00000000e1152880) thrown at [D:\src\AOSP-openjdk-cygwin\jdk8u\hotspot\src\share\vm\classfile\systemDictionary.cpp, line 210]
Event: 4.446 Thread 0x000000001b6e7800 Exception <a 'java/lang/ClassNotFoundException': org/gradle/groovy/scripts/DefaultScriptCustomizer> (0x00000000e11759d0) thrown at [D:\src\AOSP-openjdk-cygwin\jdk8u\hotspot\src\share\vm\classfile\systemDictionary.cpp, line 210]
Event: 4.450 Thread 0x000000001b6e7800 Exception <a 'java/lang/ClassNotFoundException': org/gradle/initialization/SettingsScriptCustomizer> (0x00000000e11b2398) thrown at [D:\src\AOSP-openjdk-cygwin\jdk8u\hotspot\src\share\vm\classfile\systemDictionary.cpp, line 210]
Event: 4.451 Thread 0x000000001b6e7800 Exception <a 'java/lang/ClassNotFoundException': settings_br13pefhut2mk4ml5dmm0aymjCustomizer> (0x00000000e11c58f8) thrown at [D:\src\AOSP-openjdk-cygwin\jdk8u\hotspot\src\share\vm\classfile\systemDictionary.cpp, line 210]
Event: 4.692 Thread 0x000000001b6e7800 Exception <a 'java/lang/ClassNotFoundException': org/gradle/initialization/DefaultSettings_DecoratedBeanInfo> (0x00000000e1636628) thrown at [D:\src\AOSP-openjdk-cygwin\jdk8u\hotspot\src\share\vm\classfile\systemDictionary.cpp, line 210]
Event: 4.693 Thread 0x000000001b6e7800 Exception <a 'java/lang/ClassNotFoundException': org/gradle/initialization/DefaultSettingsBeanInfo> (0x00000000e165cc40) thrown at [D:\src\AOSP-openjdk-cygwin\jdk8u\hotspot\src\share\vm\classfile\systemDictionary.cpp, line 210]
Event: 4.694 Thread 0x000000001b6e7800 Exception <a 'java/lang/ClassNotFoundException': org/gradle/api/internal/project/AbstractPluginAwareBeanInfo> (0x00000000e1688b58) thrown at [D:\src\AOSP-openjdk-cygwin\jdk8u\hotspot\src\share\vm\classfile\systemDictionary.cpp, line 210]
Event: 4.695 Thread 0x000000001b6e7800 Exception <a 'java/lang/ClassNotFoundException': org/gradle/api/internal/project/AbstractPluginAwareCustomizer> (0x00000000e16b55e0) thrown at [D:\src\AOSP-openjdk-cygwin\jdk8u\hotspot\src\share\vm\classfile\systemDictionary.cpp, line 210]
Event: 4.696 Thread 0x000000001b6e7800 Exception <a 'java/lang/ClassNotFoundException': org/gradle/initialization/DefaultSettingsCustomizer> (0x00000000e16e54d0) thrown at [D:\src\AOSP-openjdk-cygwin\jdk8u\hotspot\src\share\vm\classfile\systemDictionary.cpp, line 210]
Event: 4.700 Thread 0x000000001b6e7800 Exception <a 'java/lang/ClassNotFoundException': org/gradle/initialization/DefaultSettings_DecoratedCustomizer> (0x00000000e174abc0) thrown at [D:\src\AOSP-openjdk-cygwin\jdk8u\hotspot\src\share\vm\classfile\systemDictionary.cpp, line 210]

Events (10 events):
Event: 4.699 loading class org/gradle/initialization/DefaultSettings_DecoratedCustomizer
Event: 4.699 loading class org/gradle/initialization/DefaultSettings_DecoratedCustomizer done
Event: 4.700 loading class org/gradle/initialization/DefaultSettings_DecoratedCustomizer
Event: 4.700 loading class org/gradle/initialization/DefaultSettings_DecoratedCustomizer done
Event: 4.700 loading class org/gradle/initialization/DefaultSettings_DecoratedCustomizer
Event: 4.700 loading class org/gradle/initialization/DefaultSettings_DecoratedCustomizer done
Event: 4.700 loading class org/gradle/initialization/DefaultSettings_DecoratedCustomizer
Event: 4.700 loading class org/gradle/initialization/DefaultSettings_DecoratedCustomizer done
Event: 4.707 loading class org/codehaus/groovy/classgen/asm/util/TypeUtil
Event: 4.707 loading class org/codehaus/groovy/classgen/asm/util/TypeUtil done


Dynamic libraries:
0x00007ff674f00000 - 0x00007ff674f31000 	C:\Program Files\Android\Android Studio\jre\bin\java.exe
0x00007ff8f2a20000 - 0x00007ff8f2c00000 	C:\Windows\SYSTEM32\ntdll.dll
0x00007ff8f2940000 - 0x00007ff8f29ee000 	C:\Windows\System32\KERNEL32.DLL
0x00007ff8eee40000 - 0x00007ff8ef0a6000 	C:\Windows\System32\KERNELBASE.dll
0x00007ff8f02b0000 - 0x00007ff8f0351000 	C:\Windows\System32\ADVAPI32.dll
0x00007ff8f18c0000 - 0x00007ff8f195d000 	C:\Windows\System32\msvcrt.dll
0x00007ff8f1860000 - 0x00007ff8f18bb000 	C:\Windows\System32\sechost.dll
0x00007ff8f26d0000 - 0x00007ff8f27ef000 	C:\Windows\System32\RPCRT4.dll
0x00007ff8f1e10000 - 0x00007ff8f1f9f000 	C:\Windows\System32\USER32.dll
0x00007ff8eee20000 - 0x00007ff8eee40000 	C:\Windows\System32\win32u.dll
0x00007ff8f1d10000 - 0x00007ff8f1d38000 	C:\Windows\System32\GDI32.dll
0x00007ff8ef300000 - 0x00007ff8ef493000 	C:\Windows\System32\gdi32full.dll
0x00007ff8ef0b0000 - 0x00007ff8ef14b000 	C:\Windows\System32\msvcp_win.dll
0x00007ff8ef150000 - 0x00007ff8ef246000 	C:\Windows\System32\ucrtbase.dll
0x00007ff8ed4e0000 - 0x00007ff8ed749000 	C:\Windows\WinSxS\amd64_microsoft.windows.common-controls_6595b64144ccf1df_6.0.16299.125_none_15cbcf8893620c09\COMCTL32.dll
0x00007ff8f1a00000 - 0x00007ff8f1d08000 	C:\Windows\System32\combase.dll
0x00007ff8efe10000 - 0x00007ff8efe82000 	C:\Windows\System32\bcryptPrimitives.dll
0x00007ff8f0280000 - 0x00007ff8f02ad000 	C:\Windows\System32\IMM32.DLL
0x0000000058380000 - 0x0000000058452000 	C:\Program Files\Android\Android Studio\jre\jre\bin\msvcr100.dll
0x0000000058540000 - 0x0000000058d86000 	C:\Program Files\Android\Android Studio\jre\jre\bin\server\jvm.dll
0x00007ff8f1df0000 - 0x00007ff8f1df8000 	C:\Windows\System32\PSAPI.DLL
0x00007ff8ed8f0000 - 0x00007ff8ed8f9000 	C:\Windows\SYSTEM32\WSOCK32.dll
0x00007ff8f2110000 - 0x00007ff8f217c000 	C:\Windows\System32\WS2_32.dll
0x00007ff8ec270000 - 0x00007ff8ec293000 	C:\Windows\SYSTEM32\WINMM.dll
0x00007ff8ed100000 - 0x00007ff8ed10a000 	C:\Windows\SYSTEM32\VERSION.dll
0x00007ff8ec210000 - 0x00007ff8ec23a000 	C:\Windows\SYSTEM32\WINMMBASE.dll
0x00007ff8ef4a0000 - 0x00007ff8ef4ea000 	C:\Windows\System32\cfgmgr32.dll
0x00007ff8ed8e0000 - 0x00007ff8ed8ef000 	C:\Program Files\Android\Android Studio\jre\jre\bin\verify.dll
0x00007ff8ed8b0000 - 0x00007ff8ed8d9000 	C:\Program Files\Android\Android Studio\jre\jre\bin\java.dll
0x00007ff8ed880000 - 0x00007ff8ed896000 	C:\Program Files\Android\Android Studio\jre\jre\bin\zip.dll
0x00007ff8f0420000 - 0x00007ff8f1856000 	C:\Windows\System32\SHELL32.dll
0x00007ff8f1d40000 - 0x00007ff8f1de6000 	C:\Windows\System32\shcore.dll
0x00007ff8ef4f0000 - 0x00007ff8efc37000 	C:\Windows\System32\windows.storage.dll
0x00007ff8f20b0000 - 0x00007ff8f2101000 	C:\Windows\System32\shlwapi.dll
0x00007ff8eee00000 - 0x00007ff8eee11000 	C:\Windows\System32\kernel.appcore.dll
0x00007ff8eed70000 - 0x00007ff8eedbc000 	C:\Windows\System32\powrprof.dll
0x00007ff8eede0000 - 0x00007ff8eedfb000 	C:\Windows\System32\profapi.dll
0x00007ff8eb0a0000 - 0x00007ff8eb0ba000 	C:\Program Files\Android\Android Studio\jre\jre\bin\net.dll
0x00007ff8ee2b0000 - 0x00007ff8ee316000 	C:\Windows\system32\mswsock.dll
0x00007ff8ea1a0000 - 0x00007ff8ea1b1000 	C:\Program Files\Android\Android Studio\jre\jre\bin\nio.dll
0x00007ff8da900000 - 0x00007ff8da926000 	C:\Users\ENGAY\.gradle\native\29\windows-amd64\native-platform.dll
0x00007ff8ed870000 - 0x00007ff8ed87d000 	C:\Program Files\Android\Android Studio\jre\jre\bin\management.dll
0x00007ff8ee740000 - 0x00007ff8ee757000 	C:\Windows\SYSTEM32\CRYPTSP.dll
0x00007ff8edec0000 - 0x00007ff8edef3000 	C:\Windows\system32\rsaenh.dll
0x00007ff8ee710000 - 0x00007ff8ee735000 	C:\Windows\SYSTEM32\bcrypt.dll
0x00007ff8eeca0000 - 0x00007ff8eecc9000 	C:\Windows\SYSTEM32\USERENV.dll
0x00007ff8ee470000 - 0x00007ff8ee47b000 	C:\Windows\SYSTEM32\CRYPTBASE.dll
0x00007ff8ee040000 - 0x00007ff8ee079000 	C:\Windows\SYSTEM32\IPHLPAPI.DLL
0x00007ff8f1e00000 - 0x00007ff8f1e08000 	C:\Windows\System32\NSI.dll
0x00007ff8e7190000 - 0x00007ff8e71a6000 	C:\Windows\SYSTEM32\dhcpcsvc6.DLL
0x00007ff8e7170000 - 0x00007ff8e718a000 	C:\Windows\SYSTEM32\dhcpcsvc.DLL
0x00007ff8ee760000 - 0x00007ff8ee928000 	C:\Windows\SYSTEM32\dbghelp.dll

VM Arguments:
jvm_args: -Xmx1536m -Dfile.encoding=windows-1252 -Duser.country=US -Duser.language=en -Duser.variant 
java_command: org.gradle.launcher.daemon.bootstrap.GradleDaemon 5.4.1
java_class_path (initial): C:\Users\ENGAY\.gradle\wrapper\dists\gradle-5.4.1-all\3221gyojl5jsh0helicew7rwx\gradle-5.4.1\lib\gradle-launcher-5.4.1.jar
Launcher Type: SUN_STANDARD

Environment Variables:
PATH=C:\Windows\system32;C:\Windows;C:\Windows\System32\Wbem;C:\Windows\System32\WindowsPowerShell\v1.0\;C:\Users\ENGAY\AppData\Local\Microsoft\WindowsApps;
USERNAME=ENGAY
OS=Windows_NT
PROCESSOR_IDENTIFIER=Intel64 Family 6 Model 37 Stepping 5, GenuineIntel



---------------  S Y S T E M  ---------------

OS: Windows 10.0 , 64 bit Build 16299 (10.0.16299.15)

CPU:total 4 (initial active 4) (2 cores per cpu, 2 threads per core) family 6 model 37 stepping 5, cmov, cx8, fxsr, mmx, sse, sse2, sse3, ssse3, sse4.1, sse4.2, popcnt, aes, clmul, ht, tsc, tscinvbit

Memory: 4k page, physical 4054132k(1978520k free), swap 7909832k(5265244k free)

vm_info: OpenJDK 64-Bit Server VM (25.202-b03) for windows-amd64 JRE (1.8.0_202-release-1483-b03), built by "builder" with MS VC++ 10.0 (VS2010)

time: Thu Jan 23 20:55:54 2020
timezone: Malay Peninsula Standard Time
elapsed time: 5 seconds (0d 0h 0m 5s)

